<?xml version="1.0" encoding="UTF-8"?>
<!-- Generated by org.testng.reporters.JUnitReportReporter -->
<testsuite skipped="0" hostname="hqnghi" name="createAccount.VerifyCreateAccountSussessfully" tests="2" failures="0" timestamp="29 Jun 2017 03:26:12 GMT" time="29.627" errors="0">
  <testcase name="Test2" time="15.876" classname="createAccount.VerifyCreateAccountSussessfully"/>
  <testcase name="Test1" time="13.751" classname="createAccount.VerifyCreateAccountSussessfully"/>
</testsuite> <!-- createAccount.VerifyCreateAccountSussessfully -->
